     1                                  ;===============================================================================
     2                                  SECTION header vstart=0                     ;定义用户程序头部段 
     3 00000000 [00000000]                  program_length  dd program_end          ;程序总长度[0x00]
     4                                      
     5                                      ;用户程序入口点
     6 00000004 [A000]                      code_entry      dw start                ;偏移地址[0x04]
     7 00000006 [00000000]                                  dd section.code_1.start ;段地址[0x06] 
     8                                      
     9 0000000A 0500                        realloc_tbl_len dw (header_end-code_1_segment)/4
    10                                                                              ;段重定位表项个数[0x0a]
    11                                      
    12                                      ;段重定位表           
    13 0000000C [00000000]                  code_1_segment  dd section.code_1.start ;[0x0c]
    14 00000010 [00000000]                  code_2_segment  dd section.code_2.start ;[0x10]
    15 00000014 [00000000]                  data_1_segment  dd section.data_1.start ;[0x14]
    16 00000018 [00000000]                  data_2_segment  dd section.data_2.start ;[0x18]
    17 0000001C [00000000]                  stack_segment   dd section.stack.start  ;[0x1c]
    18                                      
    19                                      header_end:                
    20                                      
    21                                  ;===============================================================================
    22                                  SECTION code_1 align=16 vstart=0         ;定义代码段1（16字节对齐） 
    23                                  put_string:                              ;显示串(0结尾)。
    24                                                                           ;输入：DS:BX=串地址
    25 00000000 8A0F                             mov cl,[bx]
    26 00000002 08C9                             or cl,cl                        ;cl=0 ?
    27 00000004 7406                             jz .exit                        ;是的，返回主程序 
    28 00000006 E80400                           call put_char
    29 00000009 43                               inc bx                          ;下一个字符 
    30 0000000A EBF4                             jmp put_string
    31                                  
    32                                     .exit:
    33 0000000C C3                               ret
    34                                  
    35                                  ;-------------------------------------------------------------------------------
    36                                  put_char:                                ;显示一个字符
    37                                                                           ;输入：cl=字符ascii
    38 0000000D 50                               push ax
    39 0000000E 53                               push bx
    40 0000000F 51                               push cx
    41 00000010 52                               push dx
    42 00000011 1E                               push ds
    43 00000012 06                               push es
    44                                  
    45                                           ;以下取当前光标位置
    46 00000013 BAD403                           mov dx,0x3d4
    47 00000016 B00E                             mov al,0x0e
    48 00000018 EE                               out dx,al
    49 00000019 BAD503                           mov dx,0x3d5
    50 0000001C EC                               in al,dx                        ;高8位 
    51 0000001D 88C4                             mov ah,al
    52                                  
    53 0000001F BAD403                           mov dx,0x3d4
    54 00000022 B00F                             mov al,0x0f
    55 00000024 EE                               out dx,al
    56 00000025 BAD503                           mov dx,0x3d5
    57 00000028 EC                               in al,dx                        ;低8位 
    58 00000029 89C3                             mov bx,ax                       ;BX=代表光标位置的16位数
    59                                  
    60 0000002B 80F90D                           cmp cl,0x0d                     ;回车符？
    61 0000002E 750C                             jnz .put_0a                     ;不是。看看是不是换行等字符 
    62 00000030 89D8                             mov ax,bx                       ;此句略显多余，但去掉后还得改书，麻烦 
    63 00000032 B350                             mov bl,80                       
    64 00000034 F6F3                             div bl
    65 00000036 F6E3                             mul bl
    66 00000038 89C3                             mov bx,ax
    67 0000003A EB45                             jmp .set_cursor
    68                                  
    69                                   .put_0a:
    70 0000003C 80F90A                           cmp cl,0x0a                     ;换行符？
    71 0000003F 7505                             jnz .put_other                  ;不是，那就正常显示字符 
    72 00000041 83C350                           add bx,80
    73 00000044 EB0F                             jmp .roll_screen
    74                                  
    75                                   .put_other:                             ;正常显示字符
    76 00000046 B800B8                           mov ax,0xb800
    77 00000049 8EC0                             mov es,ax
    78 0000004B D1E3                             shl bx,1
    79 0000004D 26880F                           mov [es:bx],cl
    80                                  
    81                                           ;以下将光标位置推进一个字符
    82 00000050 D1EB                             shr bx,1
    83 00000052 83C301                           add bx,1
    84                                  
    85                                   .roll_screen:
    86 00000055 81FBD007                         cmp bx,2000                     ;光标超出屏幕？滚屏
    87 00000059 7C26                             jl .set_cursor
    88                                  
    89 0000005B B800B8                           mov ax,0xb800
    90 0000005E 8ED8                             mov ds,ax
    91 00000060 8EC0                             mov es,ax
    92 00000062 FC                               cld
    93 00000063 BEA000                           mov si,0xa0
    94 00000066 BF0000                           mov di,0x00
    95 00000069 B98007                           mov cx,1920
    96 0000006C F3A5                             rep movsw
    97 0000006E BB000F                           mov bx,3840                     ;清除屏幕最底一行
    98 00000071 B95000                           mov cx,80
    99                                   .cls:
   100 00000074 26C7072007                       mov word[es:bx],0x0720
   101 00000079 83C302                           add bx,2
   102 0000007C E2F6                             loop .cls
   103                                  
   104 0000007E BB8007                           mov bx,1920
   105                                  
   106                                   .set_cursor:
   107 00000081 BAD403                           mov dx,0x3d4
   108 00000084 B00E                             mov al,0x0e
   109 00000086 EE                               out dx,al
   110 00000087 BAD503                           mov dx,0x3d5
   111 0000008A 88F8                             mov al,bh
   112 0000008C EE                               out dx,al
   113 0000008D BAD403                           mov dx,0x3d4
   114 00000090 B00F                             mov al,0x0f
   115 00000092 EE                               out dx,al
   116 00000093 BAD503                           mov dx,0x3d5
   117 00000096 88D8                             mov al,bl
   118 00000098 EE                               out dx,al
   119                                  
   120 00000099 07                               pop es
   121 0000009A 1F                               pop ds
   122 0000009B 5A                               pop dx
   123 0000009C 59                               pop cx
   124 0000009D 5B                               pop bx
   125 0000009E 58                               pop ax
   126                                  
   127 0000009F C3                               ret
   128                                  
   129                                  ;-------------------------------------------------------------------------------
   130                                    start:
   131                                           ;初始执行时，DS和ES指向用户程序头部段
   132 000000A0 A1[1C00]                         mov ax,[stack_segment]           ;设置到用户程序自己的堆栈 
   133 000000A3 8ED0                             mov ss,ax
   134 000000A5 BC[0001]                         mov sp,stack_end
   135                                           
   136 000000A8 A1[1400]                         mov ax,[data_1_segment]          ;设置到用户程序自己的数据段
   137 000000AB 8ED8                             mov ds,ax
   138                                  
   139 000000AD BB[0000]                         mov bx,msg0
   140 000000B0 E84DFF                           call put_string                  ;显示第一段信息 
   141                                  
   142 000000B3 26FF36[1000]                     push word [es:code_2_segment]
   143 000000B8 268F06[1200]                     pop word [es:code_2_segment+0x02]
   144 000000BD 26C706[1000][0000]               mov word [es:code_2_segment],begin
   145 000000C4 26FF2E[1000]                     jmp far [es:code_2_segment]
   146                                           
   147                                    continue:
   148 000000C9 26A1[1800]                       mov ax,[es:data_2_segment]       ;段寄存器DS切换到数据段2 
   149 000000CD 8ED8                             mov ds,ax
   150                                           
   151 000000CF BB[0000]                         mov bx,msg1
   152 000000D2 E82BFF                           call put_string                  ;显示第二段信息 
   153                                  
   154 000000D5 EBFE                             jmp $ 
   155                                  
   156                                  ;===============================================================================
   157                                  SECTION code_2 align=16 vstart=0          ;定义代码段2（16字节对齐）
   158                                  
   159                                    begin:
   160 00000000 26FF36[0C00]                     push word [es:code_1_segment]
   161 00000005 B8[C900]                         mov ax,continue
   162 00000008 50                               push ax                          ;可以直接push continue,80386+
   163                                           
   164 00000009 CB                               retf                             ;转移到代码段1接着执行 
   165                                           
   166                                  ;===============================================================================
   167                                  SECTION data_1 align=16 vstart=0
   168                                  
   169 00000000 202054686973206973-         msg0 db '  This is NASM - the famous Netwide Assembler. '
   169 00000009 204E41534D202D2074-
   169 00000012 68652066616D6F7573-
   169 0000001B 204E65747769646520-
   169 00000024 417373656D626C6572-
   169 0000002D 2E20               
   170 0000002F 4261636B2061742053-              db 'Back at SourceForge and in intensive development! '
   170 00000038 6F75726365466F7267-
   170 00000041 6520616E6420696E20-
   170 0000004A 696E74656E73697665-
   170 00000053 20646576656C6F706D-
   170 0000005C 656E742120         
   171 00000061 476574207468652063-              db 'Get the current versions from http://www.nasm.us/.'
   171 0000006A 757272656E74207665-
   171 00000073 7273696F6E73206672-
   171 0000007C 6F6D20687474703A2F-
   171 00000085 2F7777772E6E61736D-
   171 0000008E 2E75732F2E         
   172 00000093 0D0A0D0A                         db 0x0d,0x0a,0x0d,0x0a
   173 00000097 20204578616D706C65-              db '  Example code for calculate 1+2+...+1000:',0x0d,0x0a,0x0d,0x0a
   173 000000A0 20636F646520666F72-
   173 000000A9 2063616C63756C6174-
   173 000000B2 6520312B322B2E2E2E-
   173 000000BB 2B313030303A0D0A0D-
   173 000000C4 0A                 
   174 000000C5 2020202020786F7220-              db '     xor dx,dx',0x0d,0x0a
   174 000000CE 64782C64780D0A     
   175 000000D5 2020202020786F7220-              db '     xor ax,ax',0x0d,0x0a
   175 000000DE 61782C61780D0A     
   176 000000E5 2020202020786F7220-              db '     xor cx,cx',0x0d,0x0a
   176 000000EE 63782C63780D0A     
   177 000000F5 202040403A0D0A                   db '  @@:',0x0d,0x0a
   178 000000FC 2020202020696E6320-              db '     inc cx',0x0d,0x0a
   178 00000105 63780D0A           
   179 00000109 202020202061646420-              db '     add ax,cx',0x0d,0x0a
   179 00000112 61782C63780D0A     
   180 00000119 202020202061646320-              db '     adc dx,0',0x0d,0x0a
   180 00000122 64782C300D0A       
   181 00000128 2020202020696E6320-              db '     inc cx',0x0d,0x0a
   181 00000131 63780D0A           
   182 00000135 2020202020636D7020-              db '     cmp cx,1000',0x0d,0x0a
   182 0000013E 63782C313030300D0A 
   183 00000147 20202020206A6C6520-              db '     jle @@',0x0d,0x0a
   183 00000150 40400D0A           
   184 00000154 20202020202E2E2E20-              db '     ... ...(Some other codes)',0x0d,0x0a,0x0d,0x0a
   184 0000015D 2E2E2E28536F6D6520-
   184 00000166 6F7468657220636F64-
   184 0000016F 6573290D0A0D0A     
   185 00000176 00                               db 0
   186                                  
   187                                  ;===============================================================================
   188                                  SECTION data_2 align=16 vstart=0
   189                                  
   190 00000000 20205468652061626F-         msg1 db '  The above contents is written by LeeChung.',0x0d,0x0a
   190 00000009 766520636F6E74656E-
   190 00000012 747320697320777269-
   190 0000001B 7474656E206279204C-
   190 00000024 65654368756E672E0D-
   190 0000002D 0A                 
   191 0000002E 20204D6F6469666965-              db '  Modified by ChiuJun '
   191 00000037 642062792043686975-
   191 00000040 4A756E20           
   192 00000044 323032302D30362D32-              db '2020-06-26'
   192 0000004D 36                 
   193 0000004E 00                               db 0
   194                                  
   195                                  ;===============================================================================
   196                                  SECTION stack align=16 vstart=0
   197                                             
   198 00000000 <res 00000100>                   resb 256
   198          ******************       warning: uninitialized space declared in stack section: zeroing [-w+other]
   199                                  
   200                                  stack_end:  
   201                                  
   202                                  ;===============================================================================
   203                                  SECTION trail align=16
   204                                  program_end:
